#
# There is insufficient memory for the Java Runtime Environment to continue.
# Native memory allocation (malloc) failed to allocate 1048576 bytes for AllocateHeap
# Possible reasons:
#   The system is out of physical RAM or swap space
#   The process is running with CompressedOops enabled, and the Java Heap may be blocking the growth of the native heap
# Possible solutions:
#   Reduce memory load on the system
#   Increase physical memory or swap space
#   Check if swap backing store is full
#   Decrease Java heap size (-Xmx/-Xms)
#   Decrease number of Java threads
#   Decrease Java thread stack sizes (-Xss)
#   Set larger code cache with -XX:ReservedCodeCacheSize=
#   JVM is running with Zero Based Compressed Oops mode in which the Java heap is
#     placed in the first 32GB address space. The Java Heap base address is the
#     maximum limit for the native heap growth. Please use -XX:HeapBaseMinAddress
#     to set the Java Heap base and to place the Java Heap above 32GB virtual address.
# This output file may be truncated or incomplete.
#
#  Out of Memory Error (memory/allocation.inline.hpp:61), pid=24808, tid=0x000000000000436c
#
# JRE version:  (8.0_202-b08) (build )
# Java VM: Java HotSpot(TM) 64-Bit Server VM (25.202-b08 mixed mode windows-amd64 compressed oops)
# Failed to write core dump. Minidumps are not enabled by default on client versions of Windows
#

---------------  T H R E A D  ---------------

Current thread (0x0000000002c61800):  JavaThread "Unknown thread" [_thread_in_vm, id=17260, stack(0x0000000002b60000,0x0000000002c60000)]

Stack: [0x0000000002b60000,0x0000000002c60000]
[error occurred during error reporting (printing stack bounds), id 0xc0000005]

Native frames: (J=compiled Java code, j=interpreted, Vv=VM code, C=native code)


---------------  P R O C E S S  ---------------

Java Threads: ( => current thread )

Other Threads:

=>0x0000000002c61800 (exited) JavaThread "Unknown thread" [_thread_in_vm, id=17260, stack(0x0000000002b60000,0x0000000002c60000)]

VM state:not at safepoint (normal execution)

VM Mutex/Monitor currently owned by a thread: None

heap address: 0x0000000710c00000, size: 2804 MB, Compressed Oops mode: Zero based, Oop shift amount: 3
Narrow klass base: 0x0000000000000000, Narrow klass shift: 3
Compressed class space size: 1073741824 Address: 0x00000007c0000000

Heap:
 PSYoungGen      total 52736K, used 911K [0x0000000785980000, 0x0000000789400000, 0x00000007c0000000)
  eden space 45568K, 2% used [0x0000000785980000,0x0000000785a63d80,0x0000000788600000)
  from space 7168K, 0% used [0x0000000788d00000,0x0000000788d00000,0x0000000789400000)
  to   space 7168K, 0% used [0x0000000788600000,0x0000000788600000,0x0000000788d00000)
 ParOldGen       total 120320K, used 0K [0x0000000710c00000, 0x0000000718180000, 0x0000000785980000)
  object space 120320K, 0% used [0x0000000710c00000,0x0000000710c00000,0x0000000718180000)
 Metaspace       used 786K, capacity 4480K, committed 4480K, reserved 1056768K
  class space    used 76K, capacity 384K, committed 384K, reserved 1048576K

Card table byte_map: [0x00000000122b0000,0x0000000012830000] byte_map_base: 0x000000000ea2a000

Marking Bits: (ParMarkBitMap*) 0x0000000065695ce0
 Begin Bits: [0x0000000012fe0000, 0x0000000015bb0000)
 End Bits:   [0x0000000015bb0000, 0x0000000018780000)

Polling page: 0x00000000007f0000

CodeCache: size=245760Kb used=327Kb max_used=327Kb free=245432Kb
 bounds [0x0000000002ef0000, 0x0000000003160000, 0x0000000011ef0000]
 total_blobs=57 nmethods=0 adapters=38
 compilation: enabled

Compilation events (0 events):
No events

GC Heap History (0 events):
No events

Deoptimization events (0 events):
No events

Classes redefined (0 events):
No events

Internal exceptions (0 events):
No events

Events (10 events):
Event: 0.108 loading class java/lang/Short
Event: 0.108 loading class java/lang/Short done
Event: 0.108 loading class java/lang/Integer
Event: 0.108 loading class java/lang/Integer done
Event: 0.108 loading class java/lang/Long
Event: 0.108 loading class java/lang/Long done
Event: 0.110 loading class java/lang/NullPointerException
Event: 0.110 loading class java/lang/NullPointerException done
Event: 0.110 loading class java/lang/ArithmeticException
Event: 0.110 loading class java/lang/ArithmeticException done


Dynamic libraries:
0x00007ff6719a0000 - 0x00007ff6719d7000 	D:\Program Files\Java\jdk1.8.0_202\bin\java.exe
0x00007ffcb40e0000 - 0x00007ffcb42d0000 	C:\WINDOWS\SYSTEM32\ntdll.dll
0x00007ffcb3120000 - 0x00007ffcb31d2000 	C:\WINDOWS\System32\KERNEL32.DLL
0x00007ffcb10b0000 - 0x00007ffcb1355000 	C:\WINDOWS\System32\KERNELBASE.dll
0x00007ffcb3060000 - 0x00007ffcb3103000 	C:\WINDOWS\System32\ADVAPI32.dll
0x00007ffcb2b30000 - 0x00007ffcb2bce000 	C:\WINDOWS\System32\msvcrt.dll
0x00007ffcb3a10000 - 0x00007ffcb3aa7000 	C:\WINDOWS\System32\sechost.dll
0x00007ffcb3de0000 - 0x00007ffcb3eff000 	C:\WINDOWS\System32\RPCRT4.dll
0x00007ffcb3f00000 - 0x00007ffcb4094000 	C:\WINDOWS\System32\USER32.dll
0x00007ffcb1360000 - 0x00007ffcb1381000 	C:\WINDOWS\System32\win32u.dll
0x00007ffcb2bd0000 - 0x00007ffcb2bf6000 	C:\WINDOWS\System32\GDI32.dll
0x00007ffcb1710000 - 0x00007ffcb18a8000 	C:\WINDOWS\System32\gdi32full.dll
0x00007ffcb1490000 - 0x00007ffcb152e000 	C:\WINDOWS\System32\msvcp_win.dll
0x00007ffcb2090000 - 0x00007ffcb218a000 	C:\WINDOWS\System32\ucrtbase.dll
0x00007ffc924a0000 - 0x00007ffc92724000 	C:\WINDOWS\WinSxS\amd64_microsoft.windows.common-controls_6595b64144ccf1df_6.0.18362.1316_none_9e7a364fe461dbd7\COMCTL32.dll
0x00007ffcb31e0000 - 0x00007ffcb3517000 	C:\WINDOWS\System32\combase.dll
0x00007ffcb1530000 - 0x00007ffcb15b1000 	C:\WINDOWS\System32\bcryptPrimitives.dll
0x00007ffcb22d0000 - 0x00007ffcb22fe000 	C:\WINDOWS\System32\IMM32.DLL
0x0000000067210000 - 0x00000000672e2000 	D:\Program Files\Java\jdk1.8.0_202\jre\bin\msvcr100.dll
0x0000000064e70000 - 0x0000000065715000 	D:\Program Files\Java\jdk1.8.0_202\jre\bin\server\jvm.dll
0x00007ffcb23d0000 - 0x00007ffcb23d8000 	C:\WINDOWS\System32\PSAPI.DLL
0x00007ffc9d500000 - 0x00007ffc9d509000 	C:\WINDOWS\SYSTEM32\WSOCK32.dll
0x00007ffcb3990000 - 0x00007ffcb39ff000 	C:\WINDOWS\System32\WS2_32.dll
0x00007ffcaee70000 - 0x00007ffcaee94000 	C:\WINDOWS\SYSTEM32\WINMM.dll
0x00007ffcae8f0000 - 0x00007ffcae91d000 	C:\WINDOWS\SYSTEM32\WINMMBASE.dll
0x00007ffcb1390000 - 0x00007ffcb13da000 	C:\WINDOWS\System32\cfgmgr32.dll
0x00007ffcb0b00000 - 0x00007ffcb0b0a000 	C:\WINDOWS\SYSTEM32\VERSION.dll
0x00007ffcabab0000 - 0x00007ffcababf000 	D:\Program Files\Java\jdk1.8.0_202\jre\bin\verify.dll
0x00007ffc95f80000 - 0x00007ffc95fa9000 	D:\Program Files\Java\jdk1.8.0_202\jre\bin\java.dll
0x00007ffca4500000 - 0x00007ffca4535000 	D:\Program Files\Java\jdk1.8.0_202\jre\bin\jdwp.dll
0x00007ffcaa830000 - 0x00007ffcaa838000 	D:\Program Files\Java\jdk1.8.0_202\jre\bin\npt.dll
0x00007ffc93090000 - 0x00007ffc930b3000 	D:\Program Files\Java\jdk1.8.0_202\jre\bin\instrument.dll
0x00007ffc9d2f0000 - 0x00007ffc9d306000 	D:\Program Files\Java\jdk1.8.0_202\jre\bin\zip.dll

VM Arguments:
jvm_args: -agentlib:jdwp=transport=dt_socket,address=127.0.0.1:50440,suspend=y,server=n -XX:TieredStopAtLevel=1 -Xverify:none -Dspring.output.ansi.enabled=always -Dcom.sun.management.jmxremote -Dspring.jmx.enabled=true -Dspring.liveBeansView.mbeanDomain -Dspring.application.admin.enabled=true -javaagent:C:\Users\lyl\AppData\Local\JetBrains\IntelliJIdea2020.1\captureAgent\debugger-agent.jar -Dfile.encoding=UTF-8 
java_command: com.lylblog.LylBlogSysApplication
java_class_path (initial): D:\Program Files\Java\jdk1.8.0_202\jre\lib\charsets.jar;D:\Program Files\Java\jdk1.8.0_202\jre\lib\deploy.jar;D:\Program Files\Java\jdk1.8.0_202\jre\lib\ext\access-bridge-64.jar;D:\Program Files\Java\jdk1.8.0_202\jre\lib\ext\cldrdata.jar;D:\Program Files\Java\jdk1.8.0_202\jre\lib\ext\dnsns.jar;D:\Program Files\Java\jdk1.8.0_202\jre\lib\ext\jaccess.jar;D:\Program Files\Java\jdk1.8.0_202\jre\lib\ext\jfxrt.jar;D:\Program Files\Java\jdk1.8.0_202\jre\lib\ext\localedata.jar;D:\Program Files\Java\jdk1.8.0_202\jre\lib\ext\nashorn.jar;D:\Program Files\Java\jdk1.8.0_202\jre\lib\ext\sunec.jar;D:\Program Files\Java\jdk1.8.0_202\jre\lib\ext\sunjce_provider.jar;D:\Program Files\Java\jdk1.8.0_202\jre\lib\ext\sunmscapi.jar;D:\Program Files\Java\jdk1.8.0_202\jre\lib\ext\sunpkcs11.jar;D:\Program Files\Java\jdk1.8.0_202\jre\lib\ext\zipfs.jar;D:\Program Files\Java\jdk1.8.0_202\jre\lib\javaws.jar;D:\Program Files\Java\jdk1.8.0_202\jre\lib\jce.jar;D:\Program Files\Java\jdk1.8.0_202\jre\lib\jfr.jar;D:\Program Files\Java\jdk1.8.0_202\jre\lib\jfxswt.jar;D:\Program Files\Java\jdk1.8.0_202\jre\lib\jsse.jar;D:\Program Files\Java\jdk1.8.0_202\jre\lib\management-agent.jar;D:\Program Files\Java\jdk1.8.0_202\jre\lib\plugin.jar;D:\Program Files\Java\jdk1.8.0_202\jre\lib\resources.jar;D:\Program Files\Java\jdk1.8.0_202\jre\lib\rt.jar;E:\IdeaProjects\lylBlogSys\target\classes;E:\mavenDepository\org\springframework\boot\spring-boot-starter-web\2.2.5.RELEASE\spring-boot-starter-web-2.2.5.RELEASE.jar;E:\mavenDepository\org\springframework\boot\spring-boot-starter-json\2.2.5.RELEASE\spring-boot-starter-json-2.2.5.RELEASE.jar;E:\mavenDepository\com\fasterxml\jackson\datatype\jackson-datatype-jdk8\2.10.2\jackson-datatype-jdk8-2.10.2.jar;E:\mavenDepository\com\fasterxml\jackson\datatype\jackson-datatype-jsr310\2.10.2\jackson-datatype-jsr310-2.10.2.jar;E:\mavenDepository\com\fasterxml\jackson\module\jackson-module-parameter-names\2.10.2\jackson-module-parameter-names-2.10.2.jar;E
Launcher Type: SUN_STANDARD

Environment Variables:
JAVA_HOME=D:\Program Files\Java\jdk1.8.0_202
CLASSPATH=E:\soft\apache-activemq-5.9.0\bin\
PATH=D:\orcaleFile\product\11.2.0\dbhome_1\bin;C:\Program Files (x86)\Common Files\Oracle\Java\javapath;C:\WINDOWS\system32;C:\WINDOWS;C:\WINDOWS\System32\Wbem;C:\WINDOWS\System32\WindowsPowerShell\v1.0\;C:\WINDOWS\System32\OpenSSH\;D:\Program Files\Java\jdk1.8.0_202\bin\;D:\Program Files\mysql-8.0.11-winx64\bin\;D:\Program Files\apache-maven-3.6.1\bin\;E:\soft\apache-activemq-5.9.0\bin\;C:\Program Files\Intel\WiFi\bin\;C:\Program Files\Common Files\Intel\WirelessCommon\;D:\soft\nginx-1.12.2\;D:\soft\Redis-x64-3.2.100\;D:\soft\apache-tomcat-7.0.94\bin\;D:\soft\Git\cmd;D:\Program Files\TortoiseSVN\bin;D:\Program Files\Java\jdk1.7.0_80\bin\;C:\Users\lyl\AppData\Local\Microsoft\WindowsApps;;D:\Program Files\Microsoft VS Code\bin;D:\Program Files\JetBrains\IntelliJ IDEA 2020.1.3\bin;
USERNAME=lyl
OS=Windows_NT
PROCESSOR_IDENTIFIER=AMD64 Family 23 Model 17 Stepping 0, AuthenticAMD



---------------  S Y S T E M  ---------------

OS: Windows 10.0 , 64 bit Build 18362 (10.0.18362.1316)

CPU:total 4 (initial active 4) (4 cores per cpu, 1 threads per core) family 23 model 17 stepping 0, cmov, cx8, fxsr, mmx, sse, sse2, sse3, ssse3, sse4.1, sse4.2, popcnt, avx, avx2, aes, clmul, mmxext, 3dnowpref, lzcnt, sse4a, tsc, tscinvbit, tscinv, bmi1

Memory: 4k page, physical 11482420k(4727840k free), swap 19802288k(5524k free)

vm_info: Java HotSpot(TM) 64-Bit Server VM (25.202-b08) for windows-amd64 JRE (1.8.0_202-b08), built on Dec 15 2018 19:54:30 by "java_re" with MS VC++ 10.0 (VS2010)

time: Thu Feb 18 09:39:40 2021
timezone: 中国标准时间
elapsed time: 0 seconds (0d 0h 0m 0s)

